EDA Netlist Writer report for GravSim
Wed May 02 01:52:05 2018
Quartus Prime Version 17.1.0 Build 590 10/25/2017 SJ Lite Edition


---------------------
; Table of Contents ;
---------------------
  1. Legal Notice
  2. EDA Netlist Writer Summary
  3. Simulation Settings
  4. Simulation Generated Files
  5. EDA Netlist Writer Messages



----------------
; Legal Notice ;
----------------
Copyright (C) 2017  Intel Corporation. All rights reserved.
Your use of Intel Corporation's design tools, logic functions 
and other software and tools, and its AMPP partner logic 
functions, and any output files from any of the foregoing 
(including device programming or simulation files), and any 
associated documentation or information are expressly subject 
to the terms and conditions of the Intel Program License 
Subscription Agreement, the Intel Quartus Prime License Agreement,
the Intel FPGA IP License Agreement, or other applicable license
agreement, including, without limitation, that your use is for
the sole purpose of programming logic devices manufactured by
Intel and sold by Intel or its authorized distributors.  Please
refer to the applicable agreement for further details.



+-------------------------------------------------------------------+
; EDA Netlist Writer Summary                                        ;
+---------------------------+---------------------------------------+
; EDA Netlist Writer Status ; Successful - Wed May 02 01:52:05 2018 ;
; Revision Name             ; GravSim                               ;
; Top-level Entity Name     ; GravSim                               ;
; Family                    ; Cyclone IV E                          ;
; Simulation Files Creation ; Successful                            ;
+---------------------------+---------------------------------------+


+-------------------------------------------------------------------------------------------------------------------------------------+
; Simulation Settings                                                                                                                 ;
+---------------------------------------------------------------------------------------------------+---------------------------------+
; Option                                                                                            ; Setting                         ;
+---------------------------------------------------------------------------------------------------+---------------------------------+
; Tool Name                                                                                         ; ModelSim-Altera (SystemVerilog) ;
; Generate functional simulation netlist                                                            ; Off                             ;
; Time scale                                                                                        ; 1 ns                            ;
; Truncate long hierarchy paths                                                                     ; Off                             ;
; Map illegal HDL characters                                                                        ; Off                             ;
; Flatten buses into individual nodes                                                               ; Off                             ;
; Maintain hierarchy                                                                                ; Off                             ;
; Bring out device-wide set/reset signals as ports                                                  ; Off                             ;
; Enable glitch filtering                                                                           ; Off                             ;
; Do not write top level VHDL entity                                                                ; Off                             ;
; Disable detection of setup and hold time violations in the input registers of bi-directional pins ; Off                             ;
; Architecture name in VHDL output netlist                                                          ; structure                       ;
; Generate third-party EDA tool command script for RTL functional simulation                        ; Off                             ;
; Generate third-party EDA tool command script for gate-level simulation                            ; Off                             ;
+---------------------------------------------------------------------------------------------------+---------------------------------+


+----------------------------------------------------------------------------------------------------------------+
; Simulation Generated Files                                                                                     ;
+----------------------------------------------------------------------------------------------------------------+
; Generated Files                                                                                                ;
+----------------------------------------------------------------------------------------------------------------+
; C:/Users/anish/Documents/ECE_385/Final_Project/GravSim/SV/simulation/modelsim/GravSim_7_1200mv_85c_slow.svo    ;
; C:/Users/anish/Documents/ECE_385/Final_Project/GravSim/SV/simulation/modelsim/GravSim_7_1200mv_0c_slow.svo     ;
; C:/Users/anish/Documents/ECE_385/Final_Project/GravSim/SV/simulation/modelsim/GravSim_min_1200mv_0c_fast.svo   ;
; C:/Users/anish/Documents/ECE_385/Final_Project/GravSim/SV/simulation/modelsim/GravSim.svo                      ;
; C:/Users/anish/Documents/ECE_385/Final_Project/GravSim/SV/simulation/modelsim/GravSim_7_1200mv_85c_v_slow.sdo  ;
; C:/Users/anish/Documents/ECE_385/Final_Project/GravSim/SV/simulation/modelsim/GravSim_7_1200mv_0c_v_slow.sdo   ;
; C:/Users/anish/Documents/ECE_385/Final_Project/GravSim/SV/simulation/modelsim/GravSim_min_1200mv_0c_v_fast.sdo ;
; C:/Users/anish/Documents/ECE_385/Final_Project/GravSim/SV/simulation/modelsim/GravSim_v.sdo                    ;
+----------------------------------------------------------------------------------------------------------------+


+-----------------------------+
; EDA Netlist Writer Messages ;
+-----------------------------+
Info: *******************************************************************
Info: Running Quartus Prime EDA Netlist Writer
    Info: Version 17.1.0 Build 590 10/25/2017 SJ Lite Edition
    Info: Processing started: Wed May 02 01:51:38 2018
Info: Command: quartus_eda --read_settings_files=off --write_settings_files=off GravSim -c GravSim
Warning (18236): Number of processors has not been specified which may cause overloading on shared machines.  Set the global assignment NUM_PARALLEL_PROCESSORS in your QSF to an appropriate value for best performance.
Warning (202000): An incorrect timescale is selected for the Verilog Output (.VO) file of this PLL design. It's required that the timescale should be 1 ps when simulating a PLL design in a third party EDA tool.
Info (204019): Generated file GravSim_7_1200mv_85c_slow.svo in folder "C:/Users/anish/Documents/ECE_385/Final_Project/GravSim/SV/simulation/modelsim/" for EDA simulation tool
Warning (202000): An incorrect timescale is selected for the Verilog Output (.VO) file of this PLL design. It's required that the timescale should be 1 ps when simulating a PLL design in a third party EDA tool.
Info (204019): Generated file GravSim_7_1200mv_0c_slow.svo in folder "C:/Users/anish/Documents/ECE_385/Final_Project/GravSim/SV/simulation/modelsim/" for EDA simulation tool
Warning (202000): An incorrect timescale is selected for the Verilog Output (.VO) file of this PLL design. It's required that the timescale should be 1 ps when simulating a PLL design in a third party EDA tool.
Info (204019): Generated file GravSim_min_1200mv_0c_fast.svo in folder "C:/Users/anish/Documents/ECE_385/Final_Project/GravSim/SV/simulation/modelsim/" for EDA simulation tool
Warning (202000): An incorrect timescale is selected for the Verilog Output (.VO) file of this PLL design. It's required that the timescale should be 1 ps when simulating a PLL design in a third party EDA tool.
Info (204019): Generated file GravSim.svo in folder "C:/Users/anish/Documents/ECE_385/Final_Project/GravSim/SV/simulation/modelsim/" for EDA simulation tool
Info (204019): Generated file GravSim_7_1200mv_85c_v_slow.sdo in folder "C:/Users/anish/Documents/ECE_385/Final_Project/GravSim/SV/simulation/modelsim/" for EDA simulation tool
Info (204019): Generated file GravSim_7_1200mv_0c_v_slow.sdo in folder "C:/Users/anish/Documents/ECE_385/Final_Project/GravSim/SV/simulation/modelsim/" for EDA simulation tool
Info (204019): Generated file GravSim_min_1200mv_0c_v_fast.sdo in folder "C:/Users/anish/Documents/ECE_385/Final_Project/GravSim/SV/simulation/modelsim/" for EDA simulation tool
Info (204019): Generated file GravSim_v.sdo in folder "C:/Users/anish/Documents/ECE_385/Final_Project/GravSim/SV/simulation/modelsim/" for EDA simulation tool
Info: Quartus Prime EDA Netlist Writer was successful. 0 errors, 5 warnings
    Info: Peak virtual memory: 810 megabytes
    Info: Processing ended: Wed May 02 01:52:05 2018
    Info: Elapsed time: 00:00:27
    Info: Total CPU time (on all processors): 00:00:26


