Flow report for GravSim
Mon Apr 30 20:26:24 2018
Quartus Prime Version 17.1.0 Build 590 10/25/2017 SJ Lite Edition


---------------------
; Table of Contents ;
---------------------
  1. Legal Notice
  2. Flow Summary
  3. Flow Settings
  4. Flow Non-Default Global Settings
  5. Flow Elapsed Time
  6. Flow OS Summary
  7. Flow Log
  8. Flow Messages
  9. Flow Suppressed Messages



----------------
; Legal Notice ;
----------------
Copyright (C) 2017  Intel Corporation. All rights reserved.
Your use of Intel Corporation's design tools, logic functions 
and other software and tools, and its AMPP partner logic 
functions, and any output files from any of the foregoing 
(including device programming or simulation files), and any 
associated documentation or information are expressly subject 
to the terms and conditions of the Intel Program License 
Subscription Agreement, the Intel Quartus Prime License Agreement,
the Intel FPGA IP License Agreement, or other applicable license
agreement, including, without limitation, that your use is for
the sole purpose of programming logic devices manufactured by
Intel and sold by Intel or its authorized distributors.  Please
refer to the applicable agreement for further details.



+----------------------------------------------------------------------------------+
; Flow Summary                                                                     ;
+------------------------------------+---------------------------------------------+
; Flow Status                        ; Successful - Mon Apr 30 20:26:24 2018       ;
; Quartus Prime Version              ; 17.1.0 Build 590 10/25/2017 SJ Lite Edition ;
; Revision Name                      ; GravSim                                     ;
; Top-level Entity Name              ; GravSim                                     ;
; Family                             ; Cyclone IV E                                ;
; Device                             ; EP4CE115F29C7                               ;
; Timing Models                      ; Final                                       ;
; Total logic elements               ; 73,191 / 114,480 ( 64 % )                   ;
;     Total combinational functions  ; 72,274 / 114,480 ( 63 % )                   ;
;     Dedicated logic registers      ; 7,503 / 114,480 ( 7 % )                     ;
; Total registers                    ; 7572                                        ;
; Total pins                         ; 112 / 529 ( 21 % )                          ;
; Total virtual pins                 ; 0                                           ;
; Total memory bits                  ; 11,443 / 3,981,312 ( < 1 % )                ;
; Embedded Multiplier 9-bit elements ; 289 / 532 ( 54 % )                          ;
; Total PLLs                         ; 2 / 4 ( 50 % )                              ;
+------------------------------------+---------------------------------------------+


+-----------------------------------------+
; Flow Settings                           ;
+-------------------+---------------------+
; Option            ; Setting             ;
+-------------------+---------------------+
; Start date & time ; 04/30/2018 19:56:38 ;
; Main task         ; Compilation         ;
; Revision Name     ; GravSim             ;
+-------------------+---------------------+


+-----------------------------------------------------------------------------------------------------------------------------------------------------+
; Flow Non-Default Global Settings                                                                                                                    ;
+--------------------------------------+---------------------------------------------------------------+---------------+-------------+----------------+
; Assignment Name                      ; Value                                                         ; Default Value ; Entity Name ; Section Id     ;
+--------------------------------------+---------------------------------------------------------------+---------------+-------------+----------------+
; COMPILER_SIGNATURE_ID                ; 169736358548164.152513619713160                               ; --            ; --          ; --             ;
; EDA_DESIGN_INSTANCE_NAME             ; NA                                                            ; --            ; --          ; testbench_FSM  ;
; EDA_NATIVELINK_SIMULATION_TEST_BENCH ; testbench_FSM                                                 ; --            ; --          ; eda_simulation ;
; EDA_OUTPUT_DATA_FORMAT               ; Systemverilog Hdl                                             ; --            ; --          ; eda_simulation ;
; EDA_SIMULATION_TOOL                  ; ModelSim-Altera (SystemVerilog)                               ; <None>        ; --          ; --             ;
; EDA_TEST_BENCH_ENABLE_STATUS         ; NOT_USED                                                      ; --            ; --          ; eda_simulation ;
; EDA_TEST_BENCH_FILE                  ; testbench_FSM.sv                                              ; --            ; --          ; testbench_FSM  ;
; EDA_TEST_BENCH_MODULE_NAME           ; testbench_FSM                                                 ; --            ; --          ; testbench_FSM  ;
; EDA_TEST_BENCH_NAME                  ; testbench_FSM                                                 ; --            ; --          ; eda_simulation ;
; EDA_TEST_BENCH_RUN_SIM_FOR           ; 10000 ns                                                      ; --            ; --          ; testbench_FSM  ;
; EDA_TIME_SCALE                       ; 1 ns                                                          ; --            ; --          ; eda_simulation ;
; MAX_CORE_JUNCTION_TEMP               ; 85                                                            ; --            ; --          ; --             ;
; MIN_CORE_JUNCTION_TEMP               ; 0                                                             ; --            ; --          ; --             ;
; MISC_FILE                            ; nios_system/synthesis/../nios_system.cmp                      ; --            ; --          ; --             ;
; MISC_FILE                            ; nios_system/synthesis/../../nios_system.qsys                  ; --            ; --          ; --             ;
; NOMINAL_CORE_SUPPLY_VOLTAGE          ; 1.2V                                                          ; --            ; --          ; --             ;
; PARTITION_COLOR                      ; -- (Not supported for targeted family)                        ; --            ; --          ; Top            ;
; PARTITION_FITTER_PRESERVATION_LEVEL  ; -- (Not supported for targeted family)                        ; --            ; --          ; Top            ;
; PARTITION_NETLIST_TYPE               ; -- (Not supported for targeted family)                        ; --            ; --          ; Top            ;
; POWER_BOARD_THERMAL_MODEL            ; None (CONSERVATIVE)                                           ; --            ; --          ; --             ;
; POWER_PRESET_COOLING_SOLUTION        ; 23 MM HEAT SINK WITH 200 LFPM AIRFLOW                         ; --            ; --          ; --             ;
; PROJECT_OUTPUT_DIRECTORY             ; output_files                                                  ; --            ; --          ; --             ;
; SLD_FILE                             ; nios_system/synthesis/nios_system.regmap                      ; --            ; --          ; --             ;
; SLD_FILE                             ; nios_system/synthesis/nios_system.debuginfo                   ; --            ; --          ; --             ;
; SLD_INFO                             ; QSYS_NAME nios_system HAS_SOPCINFO 1 GENERATION_ID 1525136107 ; --            ; nios_system ; --             ;
; SOPCINFO_FILE                        ; nios_system/synthesis/../../nios_system.sopcinfo              ; --            ; --          ; --             ;
; SYNTHESIS_ONLY_QIP                   ; On                                                            ; --            ; --          ; --             ;
+--------------------------------------+---------------------------------------------------------------+---------------+-------------+----------------+


+-------------------------------------------------------------------------------------------------------------------------------+
; Flow Elapsed Time                                                                                                             ;
+---------------------------+--------------+-------------------------+---------------------+------------------------------------+
; Module Name               ; Elapsed Time ; Average Processors Used ; Peak Virtual Memory ; Total CPU Time (on all processors) ;
+---------------------------+--------------+-------------------------+---------------------+------------------------------------+
; Analysis & Synthesis      ; 00:09:04     ; 1.0                     ; 1285 MB             ; 00:09:31                           ;
; Fitter                    ; 00:18:07     ; 1.0                     ; 2235 MB             ; 00:27:19                           ;
; Assembler                 ; 00:00:10     ; 1.0                     ; 810 MB              ; 00:00:10                           ;
; TimeQuest Timing Analyzer ; 00:00:25     ; 1.2                     ; 1243 MB             ; 00:00:29                           ;
; EDA Netlist Writer        ; 00:01:16     ; 1.0                     ; 1080 MB             ; 00:01:13                           ;
; Total                     ; 00:29:02     ; --                      ; --                  ; 00:38:42                           ;
+---------------------------+--------------+-------------------------+---------------------+------------------------------------+


+-----------------------------------------------------------------------------------------+
; Flow OS Summary                                                                         ;
+---------------------------+------------------+------------+------------+----------------+
; Module Name               ; Machine Hostname ; OS Name    ; OS Version ; Processor type ;
+---------------------------+------------------+------------+------------+----------------+
; Analysis & Synthesis      ; AnishSB          ; Windows 10 ; 10.0       ; x86_64         ;
; Fitter                    ; AnishSB          ; Windows 10 ; 10.0       ; x86_64         ;
; Assembler                 ; AnishSB          ; Windows 10 ; 10.0       ; x86_64         ;
; TimeQuest Timing Analyzer ; AnishSB          ; Windows 10 ; 10.0       ; x86_64         ;
; EDA Netlist Writer        ; AnishSB          ; Windows 10 ; 10.0       ; x86_64         ;
+---------------------------+------------------+------------+------------+----------------+


------------
; Flow Log ;
------------
quartus_map --read_settings_files=on --write_settings_files=off GravSim -c GravSim
quartus_fit --read_settings_files=off --write_settings_files=off GravSim -c GravSim
quartus_asm --read_settings_files=off --write_settings_files=off GravSim -c GravSim
quartus_sta GravSim -c GravSim
quartus_eda --read_settings_files=off --write_settings_files=off GravSim -c GravSim



